<?xml version="1.0" encoding="UTF-8"?>
<!-- Generated by org.testng.reporters.JUnitXMLReporter -->
<testsuite hostname="Arathy_Jose" name="ChromeTest" tests="6" failures="0" timestamp="10 Oct 2015 02:53:44 GMT" time="0.218" errors="0">
  <testcase name="@BeforeClass SetUp" time="0.0" classname="com.SeleniumExcercise.test.Register">
    <failure type="java.lang.IllegalStateException" message="The path to the driver executable must be set by the webdriver.chrome.driver system property; for more information, see https://github.com/SeleniumHQ/selenium/wiki/ChromeDriver. The latest version can be downloaded from http://chromedriver.storage.googleapis.com/index.html">
      <![CDATA[java.lang.IllegalStateException: The path to the driver executable must be set by the webdriver.chrome.driver system property; for more information, see https://github.com/SeleniumHQ/selenium/wiki/ChromeDriver. The latest version can be downloaded from http://chromedriver.storage.googleapis.com/index.html
	at com.google.common.base.Preconditions.checkState(Preconditions.java:197)
	at org.openqa.selenium.remote.service.DriverService.findExecutable(DriverService.java:109)
	at org.openqa.selenium.chrome.ChromeDriverService.access$0(ChromeDriverService.java:1)
	at org.openqa.selenium.chrome.ChromeDriverService$Builder.findDefaultExecutable(ChromeDriverService.java:137)
	at org.openqa.selenium.remote.service.DriverService$Builder.build(DriverService.java:290)
	at org.openqa.selenium.chrome.ChromeDriverService.createDefaultService(ChromeDriverService.java:88)
	at org.openqa.selenium.chrome.ChromeDriver.<init>(ChromeDriver.java:116)
	at com.SeleniumExcercise.test.Register.SetUp(Register.java:28)
	at java.util.concurrent.FutureTask.run(Unknown Source)
	at java.util.concurrent.ThreadPoolExecutor.runWorker(Unknown Source)
	at java.util.concurrent.ThreadPoolExecutor$Worker.run(Unknown Source)
	at java.lang.Thread.run(Unknown Source)
... Removed 16 stack frames]]>
    </failure>
  </testcase> <!-- @BeforeClass SetUp -->
  <testcase name="@AfterClass TearDown" time="0.0" classname="com.SeleniumExcercise.test.Register">
    <skipped/>
  </testcase> <!-- @AfterClass TearDown -->
  <testcase name="@BeforeClass SetUp" time="0.0" classname="com.SeleniumExcercise.test.Home">
    <failure type="java.lang.IllegalStateException" message="The driver executable does not exist: C:\chromedriver.exe">
      <![CDATA[java.lang.IllegalStateException: The driver executable does not exist: C:\chromedriver.exe
	at com.google.common.base.Preconditions.checkState(Preconditions.java:197)
	at org.openqa.selenium.remote.service.DriverService.checkExecutable(DriverService.java:121)
	at org.openqa.selenium.remote.service.DriverService.findExecutable(DriverService.java:116)
	at org.openqa.selenium.chrome.ChromeDriverService.access$0(ChromeDriverService.java:1)
	at org.openqa.selenium.chrome.ChromeDriverService$Builder.findDefaultExecutable(ChromeDriverService.java:137)
	at org.openqa.selenium.remote.service.DriverService$Builder.build(DriverService.java:290)
	at org.openqa.selenium.chrome.ChromeDriverService.createDefaultService(ChromeDriverService.java:88)
	at org.openqa.selenium.chrome.ChromeDriver.<init>(ChromeDriver.java:116)
	at com.SeleniumExcercise.test.Home.SetUp(Home.java:27)
	at java.util.concurrent.FutureTask.run(Unknown Source)
	at java.util.concurrent.ThreadPoolExecutor.runWorker(Unknown Source)
	at java.util.concurrent.ThreadPoolExecutor$Worker.run(Unknown Source)
	at java.lang.Thread.run(Unknown Source)
... Removed 16 stack frames]]>
    </failure>
  </testcase> <!-- @BeforeClass SetUp -->
  <testcase name="@AfterClass TearDown" time="0.0" classname="com.SeleniumExcercise.test.Home">
    <skipped/>
  </testcase> <!-- @AfterClass TearDown -->
  <testcase name="getRegister" time="0.001" classname="com.SeleniumExcercise.test.Register">
    <skipped/>
  </testcase> <!-- getRegister -->
  <testcase name="getRegister" time="0.001" classname="com.SeleniumExcercise.test.Register">
    <skipped/>
  </testcase> <!-- getRegister -->
  <testcase name="getRegister" time="0.002" classname="com.SeleniumExcercise.test.Register">
    <skipped/>
  </testcase> <!-- getRegister -->
  <testcase name="getRegister" time="0.001" classname="com.SeleniumExcercise.test.Register">
    <skipped/>
  </testcase> <!-- getRegister -->
  <testcase name="getRegister" time="0.001" classname="com.SeleniumExcercise.test.Register">
    <skipped/>
  </testcase> <!-- getRegister -->
  <testcase name="getHomePage" time="0.001" classname="com.SeleniumExcercise.test.Home">
    <skipped/>
  </testcase> <!-- getHomePage -->
</testsuite> <!-- ChromeTest -->
